Training with cpu.
------------ Configs (after adaptation) --------------------
--n_iter 100 --decay_step 1 --p 10 --n 2000 --batch_size 2000 --n_iter_g 1 --n_iter_d 10 --display_num 50 --seed 0 --loc 0 --decay_gamma 0.95 --lambda_d 0.025 --lr_d 0.01 --lr_g 0.05 --eps 0.1 --grad_clip 1 --loss JS --Q close_cluster --cov ar --out_dir . --pen_type l2 --no_loc False --cpu True --rand_init False --adaptive False --cuda_id 0 --l1 False

[Non-default Values]: n_iter=100 decay_step=1 p=10 n=2000 batch_size=2000 n_iter_g=1 n_iter_d=10 seed=0 decay_gamma=0.95 lambda_d=0.025 lr_d=0.01 lr_g=0.05 eps=0.1 loss=JS out_dir=. cpu=True l1=False
------------ Configs End -----------------------------------
Epoch 000 | 0.16s | cov: 6.3042 | loc: 1.4783 | D_loss: -0.1012 | D_pen: 0.0113 | G_loss: -0.0801
Epoch 002 | 0.06s | cov: 13.1979 | loc: 0.6129 | D_loss: 0.299 | D_pen: 0.0139 | G_loss: 0.3044
Epoch 004 | 0.03s | cov: 6.0867 | loc: 0.5745 | D_loss: 0.355 | D_pen: 0.0155 | G_loss: 0.3299
Epoch 006 | 0.03s | cov: 3.2019 | loc: 0.72 | D_loss: 0.3163 | D_pen: 0.0176 | G_loss: 0.3167
Epoch 008 | 0.03s | cov: 2.7507 | loc: 0.7371 | D_loss: 0.2709 | D_pen: 0.0176 | G_loss: 0.284
Epoch 010 | 0.03s | cov: 2.0913 | loc: 0.8312 | D_loss: 0.2679 | D_pen: 0.0174 | G_loss: 0.3261
Epoch 012 | 0.03s | cov: 1.5115 | loc: 0.6616 | D_loss: 0.3124 | D_pen: 0.0171 | G_loss: 0.2946
Epoch 014 | 0.03s | cov: 1.1219 | loc: 0.5658 | D_loss: 0.2578 | D_pen: 0.0169 | G_loss: 0.2565
Epoch 016 | 0.02s | cov: 0.8943 | loc: 0.4713 | D_loss: 0.2432 | D_pen: 0.0168 | G_loss: 0.243
Epoch 018 | 0.03s | cov: 0.7695 | loc: 0.4281 | D_loss: 0.2225 | D_pen: 0.0165 | G_loss: 0.2138
Epoch 020 | 0.04s | cov: 0.7046 | loc: 0.4207 | D_loss: 0.2091 | D_pen: 0.0159 | G_loss: 0.1773
Epoch 022 | 0.03s | cov: 0.6631 | loc: 0.3531 | D_loss: 0.1656 | D_pen: 0.0152 | G_loss: 0.1573
Epoch 024 | 0.02s | cov: 0.5811 | loc: 0.2663 | D_loss: 0.147 | D_pen: 0.0147 | G_loss: 0.1544
Epoch 026 | 0.02s | cov: 0.4878 | loc: 0.243 | D_loss: 0.1276 | D_pen: 0.0145 | G_loss: 0.1351
Epoch 028 | 0.02s | cov: 0.3926 | loc: 0.2428 | D_loss: 0.136 | D_pen: 0.0143 | G_loss: 0.1337
Epoch 030 | 0.03s | cov: 0.3095 | loc: 0.2177 | D_loss: 0.1265 | D_pen: 0.0142 | G_loss: 0.1212
Epoch 032 | 0.03s | cov: 0.2777 | loc: 0.1671 | D_loss: 0.1023 | D_pen: 0.0144 | G_loss: 0.1035
Epoch 034 | 0.03s | cov: 0.2708 | loc: 0.1459 | D_loss: 0.0794 | D_pen: 0.0147 | G_loss: 0.0992
Epoch 036 | 0.03s | cov: 0.2698 | loc: 0.1499 | D_loss: 0.0743 | D_pen: 0.015 | G_loss: 0.0808
Epoch 038 | 0.03s | cov: 0.2697 | loc: 0.1498 | D_loss: 0.1087 | D_pen: 0.0151 | G_loss: 0.1029
Epoch 040 | 0.03s | cov: 0.2637 | loc: 0.1606 | D_loss: 0.1029 | D_pen: 0.0152 | G_loss: 0.1103
Epoch 042 | 0.03s | cov: 0.2574 | loc: 0.165 | D_loss: 0.1108 | D_pen: 0.0152 | G_loss: 0.1102
Epoch 044 | 0.03s | cov: 0.2569 | loc: 0.1653 | D_loss: 0.1059 | D_pen: 0.0152 | G_loss: 0.1086
Epoch 046 | 0.03s | cov: 0.2564 | loc: 0.1544 | D_loss: 0.0992 | D_pen: 0.0152 | G_loss: 0.11
Epoch 048 | 0.02s | cov: 0.2568 | loc: 0.1475 | D_loss: 0.1083 | D_pen: 0.0153 | G_loss: 0.1106
Epoch 050 | 0.02s | cov: 0.2596 | loc: 0.1437 | D_loss: 0.1077 | D_pen: 0.0155 | G_loss: 0.1041
Epoch 052 | 0.02s | cov: 0.2629 | loc: 0.1349 | D_loss: 0.1122 | D_pen: 0.0156 | G_loss: 0.1024
Epoch 054 | 0.02s | cov: 0.2647 | loc: 0.1259 | D_loss: 0.1185 | D_pen: 0.0156 | G_loss: 0.1051
Epoch 056 | 0.02s | cov: 0.2667 | loc: 0.119 | D_loss: 0.0723 | D_pen: 0.0158 | G_loss: 0.108
Epoch 058 | 0.02s | cov: 0.2649 | loc: 0.1175 | D_loss: 0.1245 | D_pen: 0.016 | G_loss: 0.1039
Epoch 060 | 0.02s | cov: 0.2642 | loc: 0.1206 | D_loss: 0.1102 | D_pen: 0.0161 | G_loss: 0.1095
Epoch 062 | 0.02s | cov: 0.2645 | loc: 0.1289 | D_loss: 0.0755 | D_pen: 0.0164 | G_loss: 0.0876
Epoch 064 | 0.02s | cov: 0.2641 | loc: 0.1363 | D_loss: 0.0278 | D_pen: 0.0164 | G_loss: 0.0843
Epoch 066 | 0.02s | cov: 0.2633 | loc: 0.1458 | D_loss: 0.0904 | D_pen: 0.0165 | G_loss: 0.0658
Epoch 068 | 0.02s | cov: 0.262 | loc: 0.1561 | D_loss: 0.0948 | D_pen: 0.0165 | G_loss: 0.0989
Epoch 070 | 0.02s | cov: 0.2602 | loc: 0.1625 | D_loss: 0.0581 | D_pen: 0.0165 | G_loss: 0.1107
Epoch 072 | 0.02s | cov: 0.2579 | loc: 0.1676 | D_loss: 0.0683 | D_pen: 0.0165 | G_loss: 0.0276
Epoch 074 | 0.02s | cov: 0.2552 | loc: 0.1704 | D_loss: 0.1046 | D_pen: 0.0165 | G_loss: 0.0847
Epoch 076 | 0.02s | cov: 0.2527 | loc: 0.1705 | D_loss: 0.0625 | D_pen: 0.0166 | G_loss: 0.1161
Epoch 078 | 0.02s | cov: 0.2509 | loc: 0.1706 | D_loss: 0.0857 | D_pen: 0.0166 | G_loss: 0.0399
Epoch 080 | 0.02s | cov: 0.2492 | loc: 0.1706 | D_loss: 0.082 | D_pen: 0.0166 | G_loss: 0.0971
Epoch 082 | 0.02s | cov: 0.2473 | loc: 0.1695 | D_loss: 0.062 | D_pen: 0.0167 | G_loss: 0.1121
Epoch 084 | 0.02s | cov: 0.2457 | loc: 0.1688 | D_loss: 0.1021 | D_pen: 0.0167 | G_loss: 0.0557
Epoch 086 | 0.02s | cov: 0.2441 | loc: 0.1675 | D_loss: 0.0829 | D_pen: 0.017 | G_loss: 0.077
Epoch 088 | 0.02s | cov: 0.2425 | loc: 0.1662 | D_loss: 0.1158 | D_pen: 0.0171 | G_loss: 0.0995
Epoch 090 | 0.02s | cov: 0.2414 | loc: 0.1645 | D_loss: 0.1006 | D_pen: 0.0171 | G_loss: 0.1037
Epoch 092 | 0.02s | cov: 0.2404 | loc: 0.1626 | D_loss: 0.1234 | D_pen: 0.0171 | G_loss: 0.1086
Epoch 094 | 0.03s | cov: 0.2395 | loc: 0.161 | D_loss: 0.108 | D_pen: 0.0171 | G_loss: 0.1142
Epoch 096 | 0.03s | cov: 0.2388 | loc: 0.1594 | D_loss: 0.1065 | D_pen: 0.0173 | G_loss: 0.0717
Epoch 098 | 0.03s | cov: 0.2381 | loc: 0.1582 | D_loss: 0.1019 | D_pen: 0.0175 | G_loss: 0.1029

 sup_{h} K(P, P_hat; h) = 0.10693615674972534

||mu_hat - mu||_2 = 0.1573847532272339
||Sigma_hat - Sigma||_F = 0.23782296478748322
||Sigma_hat - Sigma||_op = 0.15165618062019348
||Sigma_hat - Sigma||_max = 0.05635778605937958


-----
config              NA
session_info        1.0.0
spline_gan          NA
torch               2.0.1
-----
Python 3.11.3 (main, Apr 19 2023, 23:54:32) [GCC 11.2.0]
Linux-5.15.90.1-microsoft-standard-WSL2-x86_64-with-glibc2.35
-----
Session information updated at 2023-05-18 19:41
None
